<?xml version="1.0" encoding="UTF-8"?>
<!-- Generated by org.testng.reporters.JUnitXMLReporter -->
<testsuite hostname="DESKTOP-QCK44TB" ignored="1" name="Default test" tests="3" failures="0" timestamp="2022-12-19T14:05:37 IST" time="7.336" errors="0">
  <testcase name="login" time="5.046" classname="com.testng.Par"/>
  <testcase name="login" time="1.12" classname="com.testng.Par"/>
  <testcase name="login" time="0.88" classname="com.testng.Par"/>
  <testcase name="user" time="0.0" classname="com.testng.Par">
    <ignored/>
  </testcase> <!-- user -->
</testsuite> <!-- Default test -->
